<?xml version="1.0" encoding="UTF-8" ?>
<testsuite tests="1" failures="0" name="TestSuite" time="2.394" errors="0" skipped="0">
  <properties>
    <property name="java.runtime.name" value="Java(TM) SE Runtime Environment"/>
    <property name="sun.boot.library.path" value="D:\Program Files\Java\jre\bin"/>
    <property name="java.vm.version" value="25.101-b13"/>
    <property name="java.vm.vendor" value="Oracle Corporation"/>
    <property name="java.vendor.url" value="http://java.oracle.com/"/>
    <property name="path.separator" value=";"/>
    <property name="java.vm.name" value="Java HotSpot(TM) 64-Bit Server VM"/>
    <property name="file.encoding.pkg" value="sun.io"/>
    <property name="user.script" value=""/>
    <property name="user.country" value="CN"/>
    <property name="sun.java.launcher" value="SUN_STANDARD"/>
    <property name="sun.os.patch.level" value=""/>
    <property name="java.vm.specification.name" value="Java Virtual Machine Specification"/>
    <property name="user.dir" value="D:\ideaProjectPath\api_auto_AndJenkins"/>
    <property name="java.runtime.version" value="1.8.0_101-b13"/>
    <property name="java.awt.graphicsenv" value="sun.awt.Win32GraphicsEnvironment"/>
    <property name="basedir" value="D:\ideaProjectPath\api_auto_AndJenkins"/>
    <property name="java.endorsed.dirs" value="D:\Program Files\Java\jre\lib\endorsed"/>
    <property name="os.arch" value="amd64"/>
    <property name="surefire.real.class.path" value="D:\ideaProjectPath\api_auto_AndJenkins\target\surefire\surefirebooter8208675568103439586.jar"/>
    <property name="java.io.tmpdir" value="C:\Users\xue\AppData\Local\Temp\"/>
    <property name="line.separator" value="
"/>
    <property name="java.vm.specification.vendor" value="Oracle Corporation"/>
    <property name="user.variant" value=""/>
    <property name="os.name" value="Windows 10"/>
    <property name="sun.jnu.encoding" value="GBK"/>
    <property name="java.library.path" value="D:\Program Files\Java\jre\bin;C:\WINDOWS\Sun\Java\bin;C:\WINDOWS\system32;C:\WINDOWS;C:\ProgramData\Oracle\Java\javapath;C:\WINDOWS\system32;C:\WINDOWS;C:\WINDOWS\System32\Wbem;C:\WINDOWS\System32\WindowsPowerShell\v1.0\;C:\WINDOWS\System32\OpenSSH\;C:\Program Files (x86)\NetSarang\Xshell 7\;D:\mysql-5.7.32-winx64\bin;C:\Program Files\Git\cmd;D:\apache-maven-3.6.0\bin;C:\Users\xue\AppData\Local\Microsoft\WindowsApps;;D:\Program Files (x86)\fiddlerPath\Fiddler;."/>
    <property name="surefire.test.class.path" value="D:\ideaProjectPath\api_auto_AndJenkins\target\test-classes;D:\ideaProjectPath\api_auto_AndJenkins\target\classes;D:\apache-maven-3.6.0\maven-repository\org\apache\httpcomponents\httpclient\4.5.2\httpclient-4.5.2.jar;D:\apache-maven-3.6.0\maven-repository\org\apache\httpcomponents\httpcore\4.4.4\httpcore-4.4.4.jar;D:\apache-maven-3.6.0\maven-repository\commons-logging\commons-logging\1.2\commons-logging-1.2.jar;D:\apache-maven-3.6.0\maven-repository\commons-codec\commons-codec\1.9\commons-codec-1.9.jar;D:\apache-maven-3.6.0\maven-repository\org\testng\testng\6.8.8\testng-6.8.8.jar;D:\apache-maven-3.6.0\maven-repository\org\beanshell\bsh\2.0b4\bsh-2.0b4.jar;D:\apache-maven-3.6.0\maven-repository\com\beust\jcommander\1.27\jcommander-1.27.jar;D:\apache-maven-3.6.0\maven-repository\org\apache\poi\poi-ooxml\3.17\poi-ooxml-3.17.jar;D:\apache-maven-3.6.0\maven-repository\org\apache\poi\poi\3.17\poi-3.17.jar;D:\apache-maven-3.6.0\maven-repository\org\apache\commons\commons-collections4\4.1\commons-collections4-4.1.jar;D:\apache-maven-3.6.0\maven-repository\org\apache\poi\poi-ooxml-schemas\3.17\poi-ooxml-schemas-3.17.jar;D:\apache-maven-3.6.0\maven-repository\org\apache\xmlbeans\xmlbeans\2.6.0\xmlbeans-2.6.0.jar;D:\apache-maven-3.6.0\maven-repository\stax\stax-api\1.0.1\stax-api-1.0.1.jar;D:\apache-maven-3.6.0\maven-repository\com\github\virtuald\curvesapi\1.04\curvesapi-1.04.jar;D:\apache-maven-3.6.0\maven-repository\com\alibaba\fastjson\1.2.47\fastjson-1.2.47.jar;D:\apache-maven-3.6.0\maven-repository\mysql\mysql-connector-java\5.1.38\mysql-connector-java-5.1.38.jar;D:\apache-maven-3.6.0\maven-repository\log4j\log4j\1.2.17\log4j-1.2.17.jar;"/>
    <property name="java.specification.name" value="Java Platform API Specification"/>
    <property name="java.class.version" value="52.0"/>
    <property name="sun.management.compiler" value="HotSpot 64-Bit Tiered Compilers"/>
    <property name="os.version" value="10.0"/>
    <property name="user.home" value="C:\Users\xue"/>
    <property name="user.timezone" value="Asia/Shanghai"/>
    <property name="java.awt.printerjob" value="sun.awt.windows.WPrinterJob"/>
    <property name="java.specification.version" value="1.8"/>
    <property name="file.encoding" value="GBK"/>
    <property name="user.name" value="xue"/>
    <property name="java.class.path" value="D:\ideaProjectPath\api_auto_AndJenkins\target\test-classes;D:\ideaProjectPath\api_auto_AndJenkins\target\classes;D:\apache-maven-3.6.0\maven-repository\org\apache\httpcomponents\httpclient\4.5.2\httpclient-4.5.2.jar;D:\apache-maven-3.6.0\maven-repository\org\apache\httpcomponents\httpcore\4.4.4\httpcore-4.4.4.jar;D:\apache-maven-3.6.0\maven-repository\commons-logging\commons-logging\1.2\commons-logging-1.2.jar;D:\apache-maven-3.6.0\maven-repository\commons-codec\commons-codec\1.9\commons-codec-1.9.jar;D:\apache-maven-3.6.0\maven-repository\org\testng\testng\6.8.8\testng-6.8.8.jar;D:\apache-maven-3.6.0\maven-repository\org\beanshell\bsh\2.0b4\bsh-2.0b4.jar;D:\apache-maven-3.6.0\maven-repository\com\beust\jcommander\1.27\jcommander-1.27.jar;D:\apache-maven-3.6.0\maven-repository\org\apache\poi\poi-ooxml\3.17\poi-ooxml-3.17.jar;D:\apache-maven-3.6.0\maven-repository\org\apache\poi\poi\3.17\poi-3.17.jar;D:\apache-maven-3.6.0\maven-repository\org\apache\commons\commons-collections4\4.1\commons-collections4-4.1.jar;D:\apache-maven-3.6.0\maven-repository\org\apache\poi\poi-ooxml-schemas\3.17\poi-ooxml-schemas-3.17.jar;D:\apache-maven-3.6.0\maven-repository\org\apache\xmlbeans\xmlbeans\2.6.0\xmlbeans-2.6.0.jar;D:\apache-maven-3.6.0\maven-repository\stax\stax-api\1.0.1\stax-api-1.0.1.jar;D:\apache-maven-3.6.0\maven-repository\com\github\virtuald\curvesapi\1.04\curvesapi-1.04.jar;D:\apache-maven-3.6.0\maven-repository\com\alibaba\fastjson\1.2.47\fastjson-1.2.47.jar;D:\apache-maven-3.6.0\maven-repository\mysql\mysql-connector-java\5.1.38\mysql-connector-java-5.1.38.jar;D:\apache-maven-3.6.0\maven-repository\log4j\log4j\1.2.17\log4j-1.2.17.jar;"/>
    <property name="java.vm.specification.version" value="1.8"/>
    <property name="sun.arch.data.model" value="64"/>
    <property name="java.home" value="D:\Program Files\Java\jre"/>
    <property name="sun.java.command" value="D:\ideaProjectPath\api_auto_AndJenkins\target\surefire\surefirebooter8208675568103439586.jar D:\ideaProjectPath\api_auto_AndJenkins\target\surefire\surefire120072678516182131tmp D:\ideaProjectPath\api_auto_AndJenkins\target\surefire\surefire526601704735291324tmp"/>
    <property name="java.specification.vendor" value="Oracle Corporation"/>
    <property name="user.language" value="zh"/>
    <property name="awt.toolkit" value="sun.awt.windows.WToolkit"/>
    <property name="java.vm.info" value="mixed mode"/>
    <property name="java.version" value="1.8.0_101"/>
    <property name="java.ext.dirs" value="D:\Program Files\Java\jre\lib\ext;C:\WINDOWS\Sun\Java\lib\ext"/>
    <property name="sun.boot.class.path" value="D:\Program Files\Java\jre\lib\resources.jar;D:\Program Files\Java\jre\lib\rt.jar;D:\Program Files\Java\jre\lib\sunrsasign.jar;D:\Program Files\Java\jre\lib\jsse.jar;D:\Program Files\Java\jre\lib\jce.jar;D:\Program Files\Java\jre\lib\charsets.jar;D:\Program Files\Java\jre\lib\jfr.jar;D:\Program Files\Java\jre\classes"/>
    <property name="java.vendor" value="Oracle Corporation"/>
    <property name="localRepository" value="D:\apache-maven-3.6.0\maven-repository"/>
    <property name="file.separator" value="\"/>
    <property name="java.vendor.url.bug" value="http://bugreport.sun.com/bugreport/"/>
    <property name="sun.cpu.endian" value="little"/>
    <property name="sun.io.unicode.encoding" value="UnicodeLittle"/>
    <property name="sun.desktop" value="windows"/>
    <property name="sun.cpu.isalist" value="amd64"/>
  </properties>
  <testcase classname="com.lemon.api.auto.cases.LoginCase_v1" name="test" time="0.586"/>
</testsuite>