<?xml version="1.0" encoding="UTF-8"?>
<!-- Generated by org.testng.reporters.JUnitReportReporter -->
<testsuite hostname="DESKTOP-111A9CF" name="com.lemon.api.auto.cases.LoginCase_v1" tests="1" failures="0" timestamp="5 May 2022 08:10:25 GMT" time="0.587" errors="0">
  <testcase name="test" time="0.587" classname="com.lemon.api.auto.cases.LoginCase_v1"/>
</testsuite> <!-- com.lemon.api.auto.cases.LoginCase_v1 -->
